<?xml version="1.0" encoding="UTF-8"?>
<!-- Generated by org.testng.reporters.JUnitReportReporter -->
<testsuite hostname="LPT1627-B1" failures="0" tests="1" name="com.orangehrm.tests.ApplyLeaveTest" time="49.873" errors="0" timestamp="2025-01-02T21:35:26 IST" skipped="0">
  <testcase classname="com.orangehrm.tests.ApplyLeaveTest" name="applyLeaveApplication" time="49.873">
    <system-out>
      <![CDATA[Test: applyLeaveApplication]]>
    </system-out>
  </testcase> <!-- applyLeaveApplication -->
  <system-out>
    <![CDATA[Test: applyLeaveApplication]]>
  </system-out>
</testsuite> <!-- com.orangehrm.tests.ApplyLeaveTest -->
