<?xml version="1.0" encoding="UTF-8"?>
<!-- Generated by org.testng.reporters.JUnitReportReporter -->
<testsuite hostname="LPT1627-B1" failures="0" tests="1" name="com.orangehrm.tests.BookingFreeDemoTest" time="30.741" errors="0" timestamp="2025-01-08T20:05:23 IST" skipped="0">
  <testcase classname="com.orangehrm.tests.BookingFreeDemoTest" name="verifyBookingFreeDemo" time="30.741">
    <system-out>
      <![CDATA[Test: verifyBookingFreeDemo]]>
    </system-out>
  </testcase> <!-- verifyBookingFreeDemo -->
  <system-out>
    <![CDATA[Test: verifyBookingFreeDemo]]>
  </system-out>
</testsuite> <!-- com.orangehrm.tests.BookingFreeDemoTest -->
