<?xml version="1.0" encoding="UTF-8"?>
<!-- Generated by org.testng.reporters.JUnitReportReporter -->
<testsuite hostname="LPT1627-B1" failures="0" tests="1" name="com.orangehrm.tests.ForgotPasswordTest" time="6.456" errors="0" timestamp="2025-01-05T21:22:08 IST" skipped="0">
  <testcase classname="com.orangehrm.tests.ForgotPasswordTest" name="verifyResetPasswordSuccessMsg" time="6.456">
    <system-out>
      <![CDATA[Test: verifyResetPasswordSuccessMsg]]>
    </system-out>
  </testcase> <!-- verifyResetPasswordSuccessMsg -->
  <system-out>
    <![CDATA[Test: verifyResetPasswordSuccessMsg]]>
  </system-out>
</testsuite> <!-- com.orangehrm.tests.ForgotPasswordTest -->
