<?xml version="1.0" encoding="UTF-8"?>
<!-- Generated by org.testng.reporters.JUnitReportReporter -->
<testsuite hostname="LPT1627-B1" failures="0" tests="2" name="com.orangehrm.tests.LoginTest" time="21.040" errors="0" timestamp="2025-01-10T19:13:12 IST" skipped="0">
  <testcase classname="com.orangehrm.tests.LoginTest" name="verifyLoginError" time="7.430">
    <system-out>
      <![CDATA[Test: verifyLoginError]]>
    </system-out>
  </testcase> <!-- verifyLoginError -->
  <testcase classname="com.orangehrm.tests.LoginTest" name="successfullLogin" time="13.610">
    <system-out>
      <![CDATA[Test: successfullLogin]]>
    </system-out>
  </testcase> <!-- successfullLogin -->
  <system-out>
    <![CDATA[Test: verifyLoginError
Test: successfullLogin
Test: verifyAddCandidate
Test: verifyGenaralinfoPage
Test: verify_if_a_user_can_able_to_to_edit_and_save_the_general_information
Test: verifyBookingFreeDemo
Test: verifyWebsitePage
Test: verifyResetPasswordSuccessMsg
Test: verifyAddandDeleteEducation
Test: verifyTimeSheetSubmission
Test: applyLeaveApplication]]>
  </system-out>
</testsuite> <!-- com.orangehrm.tests.LoginTest -->
