<?xml version="1.0" encoding="UTF-8"?>
<!-- Generated by org.testng.reporters.JUnitReportReporter -->
<testsuite hostname="LPT1627-B1" failures="0" tests="2" name="com.orangehrm.tests.LoginTest" time="19.920" errors="0" timestamp="2025-01-09T21:57:48 IST" skipped="0">
  <testcase classname="com.orangehrm.tests.LoginTest" name="verifyLoginError" time="7.681">
    <system-out>
      <![CDATA[Test: verifyLoginError]]>
    </system-out>
  </testcase> <!-- verifyLoginError -->
  <testcase classname="com.orangehrm.tests.LoginTest" name="successfullLogin" time="12.239">
    <system-out>
      <![CDATA[Test: successfullLogin]]>
    </system-out>
  </testcase> <!-- successfullLogin -->
  <system-out>
    <![CDATA[Test: verifyLoginError
Test: successfullLogin]]>
  </system-out>
</testsuite> <!-- com.orangehrm.tests.LoginTest -->
