<?xml version="1.0" encoding="UTF-8"?>
<!-- Generated by org.testng.reporters.JUnitReportReporter -->
<testsuite hostname="LPT1627-B1" failures="0" tests="2" name="com.orangehrm.tests.LoginTest" time="20.498" errors="0" timestamp="2025-01-25T14:14:46 IST" skipped="0">
  <testcase classname="com.orangehrm.tests.LoginTest" name="verifyLoginError" time="7.031">
    <system-out>
      <![CDATA[Test: verifyLoginError]]>
    </system-out>
  </testcase> <!-- verifyLoginError -->
  <testcase classname="com.orangehrm.tests.LoginTest" name="successfullLogin" time="13.467">
    <system-out>
      <![CDATA[Test: successfullLogin]]>
    </system-out>
  </testcase> <!-- successfullLogin -->
  <system-out>
    <![CDATA[Test: verifyLoginError
Test: successfullLogin]]>
  </system-out>
</testsuite> <!-- com.orangehrm.tests.LoginTest -->
