<?xml version="1.0" encoding="UTF-8"?>
<!-- Generated by org.testng.reporters.JUnitReportReporter -->
<testsuite hostname="LPT1627-B1" failures="0" tests="1" name="com.orangehrm.tests.VerifyAddingCandidate" time="37.447" errors="0" timestamp="2025-01-09T21:36:30 IST" skipped="0">
  <testcase classname="com.orangehrm.tests.VerifyAddingCandidate" name="verifyAddCandidate" time="37.447">
    <system-out>
      <![CDATA[Test: verifyAddCandidate]]>
    </system-out>
  </testcase> <!-- verifyAddCandidate -->
  <system-out>
    <![CDATA[Test: verifyAddCandidate
Test: verifyGenaralinfoPage
Test: verify_if_a_user_can_able_to_to_edit_and_save_the_general_information
Test: applyLeaveApplication
Test: verifyAddandDeleteEducation
Test: verifyResetPasswordSuccessMsg
Test: verifyTimeSheetSubmission
Test: verifyWebsitePage
Test: verifyBookingFreeDemo
Test: verifyLoginError
Test: successfullLogin]]>
  </system-out>
</testsuite> <!-- com.orangehrm.tests.VerifyAddingCandidate -->
