<?xml version="1.0" encoding="UTF-8"?>
<!-- Generated by org.testng.reporters.JUnitReportReporter -->
<testsuite hostname="LPT1627-B1" failures="0" tests="1" name="com.orangehrm.tests.VerifyQualificationTest" time="40.259" errors="0" timestamp="2025-01-05T21:27:28 IST" skipped="0">
  <testcase classname="com.orangehrm.tests.VerifyQualificationTest" name="verifyAddandDeleteEducation" time="40.259">
    <system-out>
      <![CDATA[Test: verifyAddandDeleteEducation]]>
    </system-out>
  </testcase> <!-- verifyAddandDeleteEducation -->
  <system-out>
    <![CDATA[Test: verifyAddandDeleteEducation]]>
  </system-out>
</testsuite> <!-- com.orangehrm.tests.VerifyQualificationTest -->
