<?xml version="1.0" encoding="UTF-8"?>
<!-- Generated by org.testng.reporters.JUnitReportReporter -->
<testsuite hostname="LPT1627-B1" failures="0" tests="1" name="com.orangehrm.tests.LoginTest" time="12.760" errors="0" timestamp="2025-01-08T14:30:30 IST" skipped="0">
  <testcase classname="com.orangehrm.tests.LoginTest" name="successfullLogin" time="12.760">
    <system-out>
      <![CDATA[Test: successfullLogin]]>
    </system-out>
  </testcase> <!-- successfullLogin -->
  <system-out>
    <![CDATA[Test: successfullLogin]]>
  </system-out>
</testsuite> <!-- com.orangehrm.tests.LoginTest -->
