<?xml version="1.0" encoding="UTF-8"?>
<!-- Generated by org.testng.reporters.JUnitReportReporter -->
<testsuite hostname="LPT1627-B1" failures="0" tests="1" name="com.orangehrm.tests.VerifyAddingCandidate" time="30.611" errors="0" timestamp="2025-01-05T21:24:44 IST" skipped="0">
  <testcase classname="com.orangehrm.tests.VerifyAddingCandidate" name="verifyAddCandidate" time="30.611">
    <system-out>
      <![CDATA[Test: verifyAddCandidate]]>
    </system-out>
  </testcase> <!-- verifyAddCandidate -->
  <system-out>
    <![CDATA[Test: verifyAddCandidate]]>
  </system-out>
</testsuite> <!-- com.orangehrm.tests.VerifyAddingCandidate -->
