<?xml version="1.0" encoding="UTF-8"?>
<!-- Generated by org.testng.reporters.JUnitReportReporter -->
<testsuite hostname="LPT1627-B1" failures="0" tests="2" name="com.orangehrm.tests.VerifyGenaralInformationTest" time="47.031" errors="0" timestamp="2025-01-05T21:25:51 IST" skipped="0">
  <testcase classname="com.orangehrm.tests.VerifyGenaralInformationTest" name="verifyGenaralinfoPage" time="21.786">
    <system-out>
      <![CDATA[Test: verifyGenaralinfoPage]]>
    </system-out>
  </testcase> <!-- verifyGenaralinfoPage -->
  <testcase classname="com.orangehrm.tests.VerifyGenaralInformationTest" name="verify_if_a_user_can_able_to_to_edit_and_save_the_general_information" time="25.245">
    <system-out>
      <![CDATA[Test: verify_if_a_user_can_able_to_to_edit_and_save_the_general_information]]>
    </system-out>
  </testcase> <!-- verify_if_a_user_can_able_to_to_edit_and_save_the_general_information -->
  <system-out>
    <![CDATA[Test: verifyGenaralinfoPage
Test: verify_if_a_user_can_able_to_to_edit_and_save_the_general_information]]>
  </system-out>
</testsuite> <!-- com.orangehrm.tests.VerifyGenaralInformationTest -->
